[0.045s] Invoking command in '/home/amorenol/TFG/code/ros2_ws/build/cpp_srvcli': CMAKE_PREFIX_PATH=${CMAKE_PREFIX_PATH}:/home/amorenol/bookros2_ws/install/launch_pal:/home/amorenol/bookros2_ws/install/br2_fsm_bumpgo_py:/opt/ros/humble /usr/bin/cmake --build /home/amorenol/TFG/code/ros2_ws/build/cpp_srvcli -- -j8 -l8
[0.126s] -- Found ament_cmake: 1.3.3 (/opt/ros/humble/share/ament_cmake/cmake)
[0.512s] -- Found rclcpp: 16.0.3 (/opt/ros/humble/share/rclcpp/cmake)
[0.601s] -- Found rosidl_generator_c: 3.1.4 (/opt/ros/humble/share/rosidl_generator_c/cmake)
[0.608s] -- Found rosidl_adapter: 3.1.4 (/opt/ros/humble/share/rosidl_adapter/cmake)
[0.624s] -- Found rosidl_generator_cpp: 3.1.4 (/opt/ros/humble/share/rosidl_generator_cpp/cmake)
[0.655s] -- Using all available rosidl_typesupport_c: rosidl_typesupport_fastrtps_c;rosidl_typesupport_introspection_c
[0.696s] -- Using all available rosidl_typesupport_cpp: rosidl_typesupport_fastrtps_cpp;rosidl_typesupport_introspection_cpp
[0.841s] -- Found rmw_implementation_cmake: 6.1.1 (/opt/ros/humble/share/rmw_implementation_cmake/cmake)
[0.847s] -- Found rmw_fastrtps_cpp: 6.2.2 (/opt/ros/humble/share/rmw_fastrtps_cpp/cmake)
[1.152s] -- Using RMW implementation 'rmw_fastrtps_cpp' as default
[1.583s] -- Found example_interfaces: 0.9.3 (/opt/ros/humble/share/example_interfaces/cmake)
[2.158s] -- Configuring done
[2.197s] -- Generating done
[2.201s] -- Build files have been written to: /home/amorenol/TFG/code/ros2_ws/build/cpp_srvcli
[2.268s] [35m[1mConsolidate compiler generated dependencies of target server[0m
[2.270s] [35m[1mConsolidate compiler generated dependencies of target client[0m
[2.339s] [ 25%] [32mBuilding CXX object CMakeFiles/server.dir/src/add_two_ints_server.cpp.o[0m
[2.340s] [ 50%] [32mBuilding CXX object CMakeFiles/client.dir/src/add_two_ints_client.cpp.o[0m
[14.266s] [ 75%] [32m[1mLinking CXX executable server[0m
[14.801s] [ 75%] Built target server
[14.987s] [100%] [32m[1mLinking CXX executable client[0m
[15.505s] [100%] Built target client
[15.539s] Invoked command in '/home/amorenol/TFG/code/ros2_ws/build/cpp_srvcli' returned '0': CMAKE_PREFIX_PATH=${CMAKE_PREFIX_PATH}:/home/amorenol/bookros2_ws/install/launch_pal:/home/amorenol/bookros2_ws/install/br2_fsm_bumpgo_py:/opt/ros/humble /usr/bin/cmake --build /home/amorenol/TFG/code/ros2_ws/build/cpp_srvcli -- -j8 -l8
[15.649s] Invoking command in '/home/amorenol/TFG/code/ros2_ws/build/cpp_srvcli': CMAKE_PREFIX_PATH=${CMAKE_PREFIX_PATH}:/home/amorenol/bookros2_ws/install/launch_pal:/home/amorenol/bookros2_ws/install/br2_fsm_bumpgo_py:/opt/ros/humble /usr/bin/cmake --install /home/amorenol/TFG/code/ros2_ws/build/cpp_srvcli
[15.669s] -- Install configuration: ""
[15.678s] -- Installing: /home/amorenol/TFG/code/ros2_ws/install/cpp_srvcli/lib/cpp_srvcli/server
[15.682s] -- Set runtime path of "/home/amorenol/TFG/code/ros2_ws/install/cpp_srvcli/lib/cpp_srvcli/server" to ""
[15.683s] -- Installing: /home/amorenol/TFG/code/ros2_ws/install/cpp_srvcli/lib/cpp_srvcli/client
[15.688s] -- Set runtime path of "/home/amorenol/TFG/code/ros2_ws/install/cpp_srvcli/lib/cpp_srvcli/client" to ""
[15.688s] -- Up-to-date: /home/amorenol/TFG/code/ros2_ws/install/cpp_srvcli/share/ament_index/resource_index/package_run_dependencies/cpp_srvcli
[15.689s] -- Installing: /home/amorenol/TFG/code/ros2_ws/install/cpp_srvcli/share/ament_index/resource_index/parent_prefix_path/cpp_srvcli
[15.689s] -- Up-to-date: /home/amorenol/TFG/code/ros2_ws/install/cpp_srvcli/share/cpp_srvcli/environment/ament_prefix_path.sh
[15.690s] -- Installing: /home/amorenol/TFG/code/ros2_ws/install/cpp_srvcli/share/cpp_srvcli/environment/ament_prefix_path.dsv
[15.690s] -- Up-to-date: /home/amorenol/TFG/code/ros2_ws/install/cpp_srvcli/share/cpp_srvcli/environment/path.sh
[15.690s] -- Installing: /home/amorenol/TFG/code/ros2_ws/install/cpp_srvcli/share/cpp_srvcli/environment/path.dsv
[15.691s] -- Up-to-date: /home/amorenol/TFG/code/ros2_ws/install/cpp_srvcli/share/cpp_srvcli/local_setup.bash
[15.691s] -- Up-to-date: /home/amorenol/TFG/code/ros2_ws/install/cpp_srvcli/share/cpp_srvcli/local_setup.sh
[15.692s] -- Up-to-date: /home/amorenol/TFG/code/ros2_ws/install/cpp_srvcli/share/cpp_srvcli/local_setup.zsh
[15.692s] -- Installing: /home/amorenol/TFG/code/ros2_ws/install/cpp_srvcli/share/cpp_srvcli/local_setup.dsv
[15.692s] -- Installing: /home/amorenol/TFG/code/ros2_ws/install/cpp_srvcli/share/cpp_srvcli/package.dsv
[15.693s] -- Up-to-date: /home/amorenol/TFG/code/ros2_ws/install/cpp_srvcli/share/ament_index/resource_index/packages/cpp_srvcli
[15.693s] -- Up-to-date: /home/amorenol/TFG/code/ros2_ws/install/cpp_srvcli/share/cpp_srvcli/cmake/cpp_srvcliConfig.cmake
[15.694s] -- Up-to-date: /home/amorenol/TFG/code/ros2_ws/install/cpp_srvcli/share/cpp_srvcli/cmake/cpp_srvcliConfig-version.cmake
[15.694s] -- Up-to-date: /home/amorenol/TFG/code/ros2_ws/install/cpp_srvcli/share/cpp_srvcli/package.xml
[15.700s] Invoked command in '/home/amorenol/TFG/code/ros2_ws/build/cpp_srvcli' returned '0': CMAKE_PREFIX_PATH=${CMAKE_PREFIX_PATH}:/home/amorenol/bookros2_ws/install/launch_pal:/home/amorenol/bookros2_ws/install/br2_fsm_bumpgo_py:/opt/ros/humble /usr/bin/cmake --install /home/amorenol/TFG/code/ros2_ws/build/cpp_srvcli
