[0.031s] Invoking command in '/home/amorenol/TFG/code/ros2_ws/build/cpp_srvcli': CMAKE_PREFIX_PATH=${CMAKE_PREFIX_PATH}:/home/amorenol/bookros2_ws/install/launch_pal:/home/amorenol/bookros2_ws/install/br2_fsm_bumpgo_py:/opt/ros/humble /usr/bin/cmake --build /home/amorenol/TFG/code/ros2_ws/build/cpp_srvcli -- -j8 -l8
[0.128s] [100%] Built target client
[0.128s] [100%] Built target server
[0.150s] Invoked command in '/home/amorenol/TFG/code/ros2_ws/build/cpp_srvcli' returned '0': CMAKE_PREFIX_PATH=${CMAKE_PREFIX_PATH}:/home/amorenol/bookros2_ws/install/launch_pal:/home/amorenol/bookros2_ws/install/br2_fsm_bumpgo_py:/opt/ros/humble /usr/bin/cmake --build /home/amorenol/TFG/code/ros2_ws/build/cpp_srvcli -- -j8 -l8
[0.218s] Invoking command in '/home/amorenol/TFG/code/ros2_ws/build/cpp_srvcli': CMAKE_PREFIX_PATH=${CMAKE_PREFIX_PATH}:/home/amorenol/bookros2_ws/install/launch_pal:/home/amorenol/bookros2_ws/install/br2_fsm_bumpgo_py:/opt/ros/humble /usr/bin/cmake --install /home/amorenol/TFG/code/ros2_ws/build/cpp_srvcli
[0.231s] -- Install configuration: ""
[0.232s] -- Up-to-date: /home/amorenol/TFG/code/ros2_ws/install/cpp_srvcli/lib/cpp_srvcli/server
[0.232s] -- Up-to-date: /home/amorenol/TFG/code/ros2_ws/install/cpp_srvcli/lib/cpp_srvcli/client
[0.233s] -- Up-to-date: /home/amorenol/TFG/code/ros2_ws/install/cpp_srvcli/share/ament_index/resource_index/package_run_dependencies/cpp_srvcli
[0.233s] -- Up-to-date: /home/amorenol/TFG/code/ros2_ws/install/cpp_srvcli/share/ament_index/resource_index/parent_prefix_path/cpp_srvcli
[0.233s] -- Up-to-date: /home/amorenol/TFG/code/ros2_ws/install/cpp_srvcli/share/cpp_srvcli/environment/ament_prefix_path.sh
[0.234s] -- Up-to-date: /home/amorenol/TFG/code/ros2_ws/install/cpp_srvcli/share/cpp_srvcli/environment/ament_prefix_path.dsv
[0.234s] -- Up-to-date: /home/amorenol/TFG/code/ros2_ws/install/cpp_srvcli/share/cpp_srvcli/environment/path.sh
[0.234s] -- Up-to-date: /home/amorenol/TFG/code/ros2_ws/install/cpp_srvcli/share/cpp_srvcli/environment/path.dsv
[0.234s] -- Up-to-date: /home/amorenol/TFG/code/ros2_ws/install/cpp_srvcli/share/cpp_srvcli/local_setup.bash
[0.235s] -- Up-to-date: /home/amorenol/TFG/code/ros2_ws/install/cpp_srvcli/share/cpp_srvcli/local_setup.sh
[0.235s] -- Up-to-date: /home/amorenol/TFG/code/ros2_ws/install/cpp_srvcli/share/cpp_srvcli/local_setup.zsh
[0.235s] -- Up-to-date: /home/amorenol/TFG/code/ros2_ws/install/cpp_srvcli/share/cpp_srvcli/local_setup.dsv
[0.235s] -- Installing: /home/amorenol/TFG/code/ros2_ws/install/cpp_srvcli/share/cpp_srvcli/package.dsv
[0.235s] -- Up-to-date: /home/amorenol/TFG/code/ros2_ws/install/cpp_srvcli/share/ament_index/resource_index/packages/cpp_srvcli
[0.236s] -- Up-to-date: /home/amorenol/TFG/code/ros2_ws/install/cpp_srvcli/share/cpp_srvcli/cmake/cpp_srvcliConfig.cmake
[0.236s] -- Up-to-date: /home/amorenol/TFG/code/ros2_ws/install/cpp_srvcli/share/cpp_srvcli/cmake/cpp_srvcliConfig-version.cmake
[0.236s] -- Up-to-date: /home/amorenol/TFG/code/ros2_ws/install/cpp_srvcli/share/cpp_srvcli/package.xml
[0.239s] Invoked command in '/home/amorenol/TFG/code/ros2_ws/build/cpp_srvcli' returned '0': CMAKE_PREFIX_PATH=${CMAKE_PREFIX_PATH}:/home/amorenol/bookros2_ws/install/launch_pal:/home/amorenol/bookros2_ws/install/br2_fsm_bumpgo_py:/opt/ros/humble /usr/bin/cmake --install /home/amorenol/TFG/code/ros2_ws/build/cpp_srvcli
